# JRE version: OpenJDK Runtime Environment (8.0_152-b06) (build 1.8.0_152-release-1136-b06)
# Java VM: OpenJDK 64-Bit Server VM (25.152-b06 mixed mode windows-amd64 compressed oops)
Heap:
 PSYoungGen      total 311808K, used 42761K [0x00000000e0000000, 0x00000000fa880000, 0x0000000100000000)
  eden space 243200K, 16% used [0x00000000e0000000,0x00000000e2665e00,0x00000000eed80000)
  from space 68608K, 5% used [0x00000000eed80000,0x00000000ef0dc970,0x00000000f3080000)
  to   space 69632K, 0% used [0x00000000f6480000,0x00000000f6480000,0x00000000fa880000)
 ParOldGen       total 216064K, used 80246K [0x00000000a0000000, 0x00000000ad300000, 0x00000000e0000000)
  object space 216064K, 37% used [0x00000000a0000000,0x00000000a4e5dae0,0x00000000ad300000)
 Metaspace       used 96257K, capacity 100402K, committed 101120K, reserved 1136640K
  class space    used 12126K, capacity 13088K, committed 13312K, reserved 1048576K
GC Heap History (10 events):
Event: 556.650 GC heap before
{Heap before GC invocations=33 (full 3):
 PSYoungGen      total 215552K, used 198137K [0x00000000e0000000, 0x00000000f4080000, 0x0000000100000000)
  eden space 153088K, 100% used [0x00000000e0000000,0x00000000e9580000,0x00000000e9580000)
  from space 62464K, 72% used [0x00000000e9580000,0x00000000ec17e6f0,0x00000000ed280000)
  to   space 66048K, 0% used [0x00000000f0000000,0x00000000f0000000,0x00000000f4080000)
 ParOldGen       total 156160K, used 58676K [0x00000000a0000000, 0x00000000a9880000, 0x00000000e0000000)
  object space 156160K, 37% used [0x00000000a0000000,0x00000000a394d230,0x00000000a9880000)
 Metaspace       used 86054K, capacity 89400K, committed 89600K, reserved 1126400K
  class space    used 10919K, capacity 11769K, committed 11776K, reserved 1048576K
Event: 556.681 GC heap after
Heap after GC invocations=33 (full 3):
 PSYoungGen      total 259584K, used 44755K [0x00000000e0000000, 0x00000000f4480000, 0x0000000100000000)
  eden space 193536K, 0% used [0x00000000e0000000,0x00000000e0000000,0x00000000ebd00000)
  from space 66048K, 67% used [0x00000000f0000000,0x00000000f2bb4f70,0x00000000f4080000)
  to   space 68608K, 0% used [0x00000000ebd00000,0x00000000ebd00000,0x00000000f0000000)
 ParOldGen       total 156160K, used 58684K [0x00000000a0000000, 0x00000000a9880000, 0x00000000e0000000)
  object space 156160K, 37% used [0x00000000a0000000,0x00000000a394f230,0x00000000a9880000)
 Metaspace       used 86054K, capacity 89400K, committed 89600K, reserved 1126400K
  class space    used 10919K, capacity 11769K, committed 11776K, reserved 1048576K
}
Event: 564.505 GC heap before
{Heap before GC invocations=34 (full 3):
 PSYoungGen      total 259584K, used 238291K [0x00000000e0000000, 0x00000000f4480000, 0x0000000100000000)
  eden space 193536K, 100% used [0x00000000e0000000,0x00000000ebd00000,0x00000000ebd00000)
  from space 66048K, 67% used [0x00000000f0000000,0x00000000f2bb4f70,0x00000000f4080000)
  to   space 68608K, 0% used [0x00000000ebd00000,0x00000000ebd00000,0x00000000f0000000)
 ParOldGen       total 156160K, used 58684K [0x00000000a0000000, 0x00000000a9880000, 0x00000000e0000000)
  object space 156160K, 37% used [0x00000000a0000000,0x00000000a394f230,0x00000000a9880000)
 Metaspace       used 86924K, capacity 90450K, committed 90496K, reserved 1128448K
  class space    used 11040K, capacity 11902K, committed 11904K, reserved 1048576K
Event: 564.546 GC heap after
Heap after GC invocations=34 (full 3):
 PSYoungGen      total 262144K, used 46978K [0x00000000e0000000, 0x00000000f7a80000, 0x0000000100000000)
  eden space 193536K, 0% used [0x00000000e0000000,0x00000000e0000000,0x00000000ebd00000)
  from space 68608K, 68% used [0x00000000ebd00000,0x00000000eeae0b78,0x00000000f0000000)
  to   space 71168K, 0% used [0x00000000f3500000,0x00000000f3500000,0x00000000f7a80000)
 ParOldGen       total 156160K, used 58692K [0x00000000a0000000, 0x00000000a9880000, 0x00000000e0000000)
  object space 156160K, 37% used [0x00000000a0000000,0x00000000a3951230,0x00000000a9880000)
 Metaspace       used 86924K, capacity 90450K, committed 90496K, reserved 1128448K
  class space    used 11040K, capacity 11902K, committed 11904K, reserved 1048576K
}
Event: 570.938 GC heap before
{Heap before GC invocations=35 (full 3):
 PSYoungGen      total 262144K, used 147977K [0x00000000e0000000, 0x00000000f7a80000, 0x0000000100000000)
  eden space 193536K, 52% used [0x00000000e0000000,0x00000000e62a18c8,0x00000000ebd00000)
  from space 68608K, 68% used [0x00000000ebd00000,0x00000000eeae0b78,0x00000000f0000000)
  to   space 71168K, 0% used [0x00000000f3500000,0x00000000f3500000,0x00000000f7a80000)
 ParOldGen       total 156160K, used 58692K [0x00000000a0000000, 0x00000000a9880000, 0x00000000e0000000)
  object space 156160K, 37% used [0x00000000a0000000,0x00000000a3951230,0x00000000a9880000)
 Metaspace       used 93822K, capacity 98224K, committed 98304K, reserved 1134592K
  class space    used 12006K, capacity 13029K, committed 13056K, reserved 1048576K
Event: 570.980 GC heap after
Heap after GC invocations=35 (full 3):
 PSYoungGen      total 307200K, used 35878K [0x00000000e0000000, 0x00000000f7380000, 0x0000000100000000)
  eden space 243200K, 0% used [0x00000000e0000000,0x00000000e0000000,0x00000000eed80000)
  from space 64000K, 56% used [0x00000000f3500000,0x00000000f58098f0,0x00000000f7380000)
  to   space 68608K, 0% used [0x00000000eed80000,0x00000000eed80000,0x00000000f3080000)
 ParOldGen       total 156160K, used 77476K [0x00000000a0000000, 0x00000000a9880000, 0x00000000e0000000)
  object space 156160K, 49% used [0x00000000a0000000,0x00000000a4ba9300,0x00000000a9880000)
 Metaspace       used 93822K, capacity 98224K, committed 98304K, reserved 1134592K
  class space    used 12006K, capacity 13029K, committed 13056K, reserved 1048576K
}
Event: 570.980 GC heap before
{Heap before GC invocations=36 (full 4):
 PSYoungGen      total 307200K, used 35878K [0x00000000e0000000, 0x00000000f7380000, 0x0000000100000000)
  eden space 243200K, 0% used [0x00000000e0000000,0x00000000e0000000,0x00000000eed80000)
  from space 64000K, 56% used [0x00000000f3500000,0x00000000f58098f0,0x00000000f7380000)
  to   space 68608K, 0% used [0x00000000eed80000,0x00000000eed80000,0x00000000f3080000)
 ParOldGen       total 156160K, used 77476K [0x00000000a0000000, 0x00000000a9880000, 0x00000000e0000000)
  object space 156160K, 49% used [0x00000000a0000000,0x00000000a4ba9300,0x00000000a9880000)
 Metaspace       used 93822K, capacity 98224K, committed 98304K, reserved 1134592K
  class space    used 12006K, capacity 13029K, committed 13056K, reserved 1048576K
Event: 571.211 GC heap after
Heap after GC invocations=36 (full 4):
 PSYoungGen      total 307200K, used 0K [0x00000000e0000000, 0x00000000f7380000, 0x0000000100000000)
  eden space 243200K, 0% used [0x00000000e0000000,0x00000000e0000000,0x00000000eed80000)
  from space 64000K, 0% used [0x00000000f3500000,0x00000000f3500000,0x00000000f7380000)
  to   space 68608K, 0% used [0x00000000eed80000,0x00000000eed80000,0x00000000f3080000)
 ParOldGen       total 216064K, used 80238K [0x00000000a0000000, 0x00000000ad300000, 0x00000000e0000000)
  object space 216064K, 37% used [0x00000000a0000000,0x00000000a4e5bae0,0x00000000ad300000)
 Metaspace       used 93592K, capacity 97564K, committed 98304K, reserved 1134592K
  class space    used 11928K, capacity 12895K, committed 13056K, reserved 1048576K
}
Event: 572.908 GC heap before
{Heap before GC invocations=37 (full 4):
 PSYoungGen      total 307200K, used 243200K [0x00000000e0000000, 0x00000000f7380000, 0x0000000100000000)
  eden space 243200K, 100% used [0x00000000e0000000,0x00000000eed80000,0x00000000eed80000)
  from space 64000K, 0% used [0x00000000f3500000,0x00000000f3500000,0x00000000f7380000)
  to   space 68608K, 0% used [0x00000000eed80000,0x00000000eed80000,0x00000000f3080000)
 ParOldGen       total 216064K, used 80238K [0x00000000a0000000, 0x00000000ad300000, 0x00000000e0000000)
  object space 216064K, 37% used [0x00000000a0000000,0x00000000a4e5bae0,0x00000000ad300000)
 Metaspace       used 96221K, capacity 100398K, committed 101120K, reserved 1136640K
  class space    used 12126K, capacity 13088K, committed 13312K, reserved 1048576K
Event: 572.917 GC heap after
Heap after GC invocations=37 (full 4):
 PSYoungGen      total 311808K, used 3442K [0x00000000e0000000, 0x00000000fa880000, 0x0000000100000000)
  eden space 243200K, 0% used [0x00000000e0000000,0x00000000e0000000,0x00000000eed80000)
  from space 68608K, 5% used [0x00000000eed80000,0x00000000ef0dc970,0x00000000f3080000)
  to   space 69632K, 0% used [0x00000000f6480000,0x00000000f6480000,0x00000000fa880000)
 ParOldGen       total 216064K, used 80246K [0x00000000a0000000, 0x00000000ad300000, 0x00000000e0000000)
  object space 216064K, 37% used [0x00000000a0000000,0x00000000a4e5dae0,0x00000000ad300000)
 Metaspace       used 96221K, capacity 100398K, committed 101120K, reserved 1136640K
  class space    used 12126K, capacity 13088K, committed 13312K, reserved 1048576K
}

